<?xml version="1.0" encoding="UTF-8"?>
<!-- Generated by org.testng.reporters.JUnitReportReporter -->
<testsuite hostname="LAPTOP-T0IKG2N2" failures="0" tests="2" name="test.CreditCardTest" time="12.101" errors="0" timestamp="2023-07-20T17:06:17 EDT" skipped="0">
  <testcase classname="test.CreditCardTest" name="checkCreditCardBalance" time="6.059"/>
  <system-out/>
  <testcase classname="test.CreditCardTest" name="checkCreditCardBalanceWithoutDetails" time="6.042"/>
  <system-out/>
</testsuite> <!-- test.CreditCardTest -->
