<?xml version="1.0" encoding="UTF-8"?>
<!-- Generated by org.testng.reporters.JUnitReportReporter -->
<testsuite hostname="LAPTOP-T0IKG2N2" failures="0" tests="3" name="test.HomeTest" time="20.861" errors="0" timestamp="2023-07-20T17:06:17 EDT" skipped="0">
  <testcase classname="test.HomeTest" name="verifyHeaderList" time="6.360"/>
  <system-out/>
  <testcase classname="test.HomeTest" name="verifyProductDetails" time="6.591"/>
  <system-out/>
  <testcase classname="test.HomeTest" name="checkQuantityOfProduct" time="7.910"/>
  <system-out/>
</testsuite> <!-- test.HomeTest -->
